Using pre-set license
Built from '2020.3/staging' branch; Version is '2020.3.8f1 (507919d4fff5) revision 5273881'; Using compiler version '192528614'; Build Type 'Release'
OS: 'Windows 10 Home; OS build 19042.985; Version 2009; 64bit' Language: 'en' Physical Memory: 16138 MB
BatchMode: 1, IsHumanControllingUs: 0, StartBugReporterOnCrash: 0, Is64bit: 1, IsPro: 0

 COMMAND LINE ARGUMENTS:
C:\Program Files\Unity\Hub\Editor\2020.3.8f1\Editor\Unity.exe
-adb2
-batchMode
-noUpm
-name
AssetImportWorker0
-projectPath
C:/Users/break/OneDrive/Documents/New Unity Project (1)
-logFile
Logs/AssetImportWorker0.log
-srvPort
59483
Successfully changed project path to: C:/Users/break/OneDrive/Documents/New Unity Project (1)
C:/Users/break/OneDrive/Documents/New Unity Project (1)
Using Asset Import Pipeline V2.
Refreshing native plugins compatible for Editor in 102.53 ms, found 0 plugins.
Preloading 0 native plugins for Editor in 0.00 ms.
Initialize engine version: 2020.3.8f1 (507919d4fff5)
[Subsystems] Discovering subsystems at path C:/Program Files/Unity/Hub/Editor/2020.3.8f1/Editor/Data/Resources/UnitySubsystems
[Subsystems] Discovering subsystems at path C:/Users/break/OneDrive/Documents/New Unity Project (1)/Assets
GfxDevice: creating device client; threaded=0
Direct3D:
    Version:  Direct3D 11.0 [level 11.1]
    Renderer: Intel(R) Iris(R) Plus Graphics (ID=0x8a52)
    Vendor:   
    VRAM:     8069 MB
    Driver:   27.20.100.8190
Initialize mono
Mono path[0] = 'C:/Program Files/Unity/Hub/Editor/2020.3.8f1/Editor/Data/Managed'
Mono path[1] = 'C:/Program Files/Unity/Hub/Editor/2020.3.8f1/Editor/Data/MonoBleedingEdge/lib/mono/unityjit'
Mono config path = 'C:/Program Files/Unity/Hub/Editor/2020.3.8f1/Editor/Data/MonoBleedingEdge/etc'
Using monoOptions --debugger-agent=transport=dt_socket,embedding=1,server=y,suspend=n,address=127.0.0.1:56632
Begin MonoManager ReloadAssembly
Registering precompiled unity dll's ...
Register platform support module: C:/Program Files/Unity/Hub/Editor/2020.3.8f1/Editor/Data/PlaybackEngines/WindowsStandaloneSupport/UnityEditor.WindowsStandalone.Extensions.dll
Registered in 0.007391 seconds.
Native extension for WindowsStandalone target not found
Refreshing native plugins compatible for Editor in 170.74 ms, found 0 plugins.
Preloading 0 native plugins for Editor in 0.00 ms.
Mono: successfully reloaded assembly
- Completed reload, in  4.283 seconds
Platform modules already initialized, skipping
Registering precompiled user dll's ...
Registered in 0.003584 seconds.
Begin MonoManager ReloadAssembly
Native extension for WindowsStandalone target not found
Refreshing native plugins compatible for Editor in 19.08 ms, found 0 plugins.
Preloading 0 native plugins for Editor in 0.00 ms.
Mono: successfully reloaded assembly
- Completed reload, in 12.362 seconds
Platform modules already initialized, skipping
========================================================================
Worker process is ready to serve import requests
Launched and connected shader compiler UnityShaderCompiler.exe after 0.11 seconds
Refreshing native plugins compatible for Editor in 0.65 ms, found 0 plugins.
Preloading 0 native plugins for Editor in 0.00 ms.
Unloading 2003 Unused Serialized files (Serialized files now loaded: 0)
System memory in use before: 201.7 MB.
System memory in use after: 201.4 MB.

Unloading 94 unused Assets to reduce memory usage. Loaded Objects now: 2476.
Total: 3.382700 ms (FindLiveObjects: 0.234800 ms CreateObjectMapping: 0.090400 ms MarkObjects: 2.422900 ms  DeleteObjects: 0.633100 ms)

========================================================================
Received Import Request.
  path: Assets/rotator.cs
  artifactKey: Guid(6ac3c1a2cf8fde446bf16d3e8e970ade) Importer(815301076,1909f56bfc062723c751e8b465ee728b)
Start importing Assets/rotator.cs using Guid(6ac3c1a2cf8fde446bf16d3e8e970ade) Importer(815301076,1909f56bfc062723c751e8b465ee728b)  -> (artifact id: '0e4d1f90a1e45608dc97b9700dd3ccac') in 0.041434 seconds
  Import took 0.048232 seconds .

========================================================================
Received Prepare
Registering precompiled user dll's ...
Registered in 0.001823 seconds.
Begin MonoManager ReloadAssembly
Native extension for WindowsStandalone target not found
Refreshing native plugins compatible for Editor in 0.68 ms, found 0 plugins.
Preloading 0 native plugins for Editor in 0.00 ms.
Warning: Annotation not found!
UnityEngine.StackTraceUtility:ExtractStackTrace ()
UnityEditor.ProBuilder.EditorUtility:SetGizmoIconEnabled (System.Type,bool) (at D:/High School Classes/APCSA/Unity/NewNK-main/Library/PackageCache/com.unity.probuilder@4.5.0/Editor/EditorCore/EditorUtility.cs:593)
UnityEditor.ProBuilder.HierarchyListener:.cctor () (at D:/High School Classes/APCSA/Unity/NewNK-main/Library/PackageCache/com.unity.probuilder@4.5.0/Editor/EditorCore/HierarchyListener.cs:21)
System.Runtime.CompilerServices.RuntimeHelpers:RunClassConstructor (System.RuntimeTypeHandle)
UnityEditor.EditorAssemblies:ProcessInitializeOnLoadAttributes (System.Type[])

[D:/High School Classes/APCSA/Unity/NewNK-main/Library/PackageCache/com.unity.probuilder@4.5.0/Editor/EditorCore/EditorUtility.cs line 593]

Mono: successfully reloaded assembly
- Completed reload, in  1.398 seconds
Platform modules already initialized, skipping
Refreshing native plugins compatible for Editor in 0.59 ms, found 0 plugins.
Preloading 0 native plugins for Editor in 0.00 ms.
Unloading 1874 Unused Serialized files (Serialized files now loaded: 0)
System memory in use before: 189.9 MB.
System memory in use after: 189.6 MB.

Unloading 8 unused Assets to reduce memory usage. Loaded Objects now: 2479.
Total: 2.930200 ms (FindLiveObjects: 0.197500 ms CreateObjectMapping: 0.075800 ms MarkObjects: 2.204900 ms  DeleteObjects: 0.450600 ms)

========================================================================
Received Import Request.
  Time since last request: 53.921043 seconds.
  path: Assets/rotator.cs
  artifactKey: Guid(6ac3c1a2cf8fde446bf16d3e8e970ade) Importer(815301076,1909f56bfc062723c751e8b465ee728b)
Start importing Assets/rotator.cs using Guid(6ac3c1a2cf8fde446bf16d3e8e970ade) Importer(815301076,1909f56bfc062723c751e8b465ee728b)  -> (artifact id: '8319d744116cbb0d69e3ab7fd9dfecbc') in 0.011944 seconds
  Import took 0.016603 seconds .

========================================================================
Received Prepare
Registering precompiled user dll's ...
Registered in 0.004335 seconds.
Begin MonoManager ReloadAssembly
Native extension for WindowsStandalone target not found
Refreshing native plugins compatible for Editor in 0.58 ms, found 0 plugins.
Preloading 0 native plugins for Editor in 0.00 ms.
Warning: Annotation not found!
UnityEngine.StackTraceUtility:ExtractStackTrace ()
UnityEditor.ProBuilder.EditorUtility:SetGizmoIconEnabled (System.Type,bool) (at D:/High School Classes/APCSA/Unity/NewNK-main/Library/PackageCache/com.unity.probuilder@4.5.0/Editor/EditorCore/EditorUtility.cs:593)
UnityEditor.ProBuilder.HierarchyListener:.cctor () (at D:/High School Classes/APCSA/Unity/NewNK-main/Library/PackageCache/com.unity.probuilder@4.5.0/Editor/EditorCore/HierarchyListener.cs:21)
System.Runtime.CompilerServices.RuntimeHelpers:RunClassConstructor (System.RuntimeTypeHandle)
UnityEditor.EditorAssemblies:ProcessInitializeOnLoadAttributes (System.Type[])

[D:/High School Classes/APCSA/Unity/NewNK-main/Library/PackageCache/com.unity.probuilder@4.5.0/Editor/EditorCore/EditorUtility.cs line 593]

Mono: successfully reloaded assembly
- Completed reload, in  1.760 seconds
Platform modules already initialized, skipping
Refreshing native plugins compatible for Editor in 0.96 ms, found 0 plugins.
Preloading 0 native plugins for Editor in 0.00 ms.
Unloading 1874 Unused Serialized files (Serialized files now loaded: 0)
System memory in use before: 189.9 MB.
System memory in use after: 189.7 MB.

Unloading 8 unused Assets to reduce memory usage. Loaded Objects now: 2482.
Total: 4.789600 ms (FindLiveObjects: 0.400800 ms CreateObjectMapping: 0.166200 ms MarkObjects: 3.666800 ms  DeleteObjects: 0.553400 ms)

========================================================================
Received Prepare
Registering precompiled user dll's ...
Registered in 0.004724 seconds.
Begin MonoManager ReloadAssembly
Native extension for WindowsStandalone target not found
Refreshing native plugins compatible for Editor in 1.75 ms, found 0 plugins.
Preloading 0 native plugins for Editor in 0.00 ms.
Warning: Annotation not found!
UnityEngine.StackTraceUtility:ExtractStackTrace ()
UnityEditor.ProBuilder.EditorUtility:SetGizmoIconEnabled (System.Type,bool) (at D:/High School Classes/APCSA/Unity/NewNK-main/Library/PackageCache/com.unity.probuilder@4.5.0/Editor/EditorCore/EditorUtility.cs:593)
UnityEditor.ProBuilder.HierarchyListener:.cctor () (at D:/High School Classes/APCSA/Unity/NewNK-main/Library/PackageCache/com.unity.probuilder@4.5.0/Editor/EditorCore/HierarchyListener.cs:21)
System.Runtime.CompilerServices.RuntimeHelpers:RunClassConstructor (System.RuntimeTypeHandle)
UnityEditor.EditorAssemblies:ProcessInitializeOnLoadAttributes (System.Type[])

[D:/High School Classes/APCSA/Unity/NewNK-main/Library/PackageCache/com.unity.probuilder@4.5.0/Editor/EditorCore/EditorUtility.cs line 593]

Mono: successfully reloaded assembly
- Completed reload, in  3.576 seconds
Platform modules already initialized, skipping
Refreshing native plugins compatible for Editor in 0.94 ms, found 0 plugins.
Preloading 0 native plugins for Editor in 0.00 ms.
Unloading 1874 Unused Serialized files (Serialized files now loaded: 0)
System memory in use before: 190.0 MB.
System memory in use after: 189.7 MB.

Unloading 8 unused Assets to reduce memory usage. Loaded Objects now: 2485.
Total: 6.302100 ms (FindLiveObjects: 1.047300 ms CreateObjectMapping: 0.288800 ms MarkObjects: 3.751500 ms  DeleteObjects: 1.211200 ms)

========================================================================
Received Import Request.
  Time since last request: 1175.054546 seconds.
  path: Assets/_TerrainAutoUpgrade/layer_ground02ddfc8d7f3483abd.terrainlayer
  artifactKey: Guid(b17a2312460e66541be1e4d604294c00) Importer(815301076,1909f56bfc062723c751e8b465ee728b)
Start importing Assets/_TerrainAutoUpgrade/layer_ground02ddfc8d7f3483abd.terrainlayer using Guid(b17a2312460e66541be1e4d604294c00) Importer(815301076,1909f56bfc062723c751e8b465ee728b)  -> (artifact id: '4cf0f34ad236bbbd194c6af36af97b6f') in 0.246912 seconds
  Import took 0.258429 seconds .

========================================================================
Received Import Request.
  Time since last request: 0.000564 seconds.
  path: Assets/_TerrainAutoUpgrade/layer_ground012023054508611406.terrainlayer
  artifactKey: Guid(5871d44f0171f8a488b78b0ab9869ffc) Importer(815301076,1909f56bfc062723c751e8b465ee728b)
Start importing Assets/_TerrainAutoUpgrade/layer_ground012023054508611406.terrainlayer using Guid(5871d44f0171f8a488b78b0ab9869ffc) Importer(815301076,1909f56bfc062723c751e8b465ee728b)  -> (artifact id: 'f1dea5eac314f7f78c5b1b138506871b') in 0.094422 seconds
  Import took 0.107840 seconds .

========================================================================
Received Import Request.
  Time since last request: 0.002441 seconds.
  path: Assets/_TerrainAutoUpgrade/layer_ground038f9406e577a89d2d.terrainlayer
  artifactKey: Guid(79a76687067ca51469fa6701794e00d6) Importer(815301076,1909f56bfc062723c751e8b465ee728b)
Start importing Assets/_TerrainAutoUpgrade/layer_ground038f9406e577a89d2d.terrainlayer using Guid(79a76687067ca51469fa6701794e00d6) Importer(815301076,1909f56bfc062723c751e8b465ee728b)  -> (artifact id: 'c208ea085b3ea389462790e632a3974e') in 0.140186 seconds
  Import took 0.150332 seconds .

========================================================================
Received Import Request.
  Time since last request: 5.037559 seconds.
  path: Assets/Standard Assets/Vehicles/Aircraft/Models/AircraftWingsJet.fbx
  artifactKey: Guid(63742edd796d522458d772b44affdf9b) Importer(815301076,1909f56bfc062723c751e8b465ee728b)
Start importing Assets/Standard Assets/Vehicles/Aircraft/Models/AircraftWingsJet.fbx using Guid(63742edd796d522458d772b44affdf9b) Importer(815301076,1909f56bfc062723c751e8b465ee728b)  -> (artifact id: 'd128555f20d6a4110597403e87ae96b3') in 2.754666 seconds
  Import took 2.799598 seconds .

========================================================================
Received Import Request.
  Time since last request: 0.000376 seconds.
  path: Assets/Standard Assets/Vehicles/Aircraft/Materials/AircraftWingsJetWhite.mat
  artifactKey: Guid(365a29a7757a91544b92d59a78390495) Importer(815301076,1909f56bfc062723c751e8b465ee728b)
Start importing Assets/Standard Assets/Vehicles/Aircraft/Materials/AircraftWingsJetWhite.mat using Guid(365a29a7757a91544b92d59a78390495) Importer(815301076,1909f56bfc062723c751e8b465ee728b)  -> (artifact id: 'a3f8e2033e6846e2e9595115f78579f5') in 0.191725 seconds
  Import took 0.224612 seconds .

========================================================================
Received Import Request.
  Time since last request: 0.001409 seconds.
  path: Assets/Standard Assets/Vehicles/Aircraft/Models/AircraftWingsPropeller.fbx
  artifactKey: Guid(8fb5ebe73f3784e4fab98b15f1299e76) Importer(815301076,1909f56bfc062723c751e8b465ee728b)
Start importing Assets/Standard Assets/Vehicles/Aircraft/Models/AircraftWingsPropeller.fbx using Guid(8fb5ebe73f3784e4fab98b15f1299e76) Importer(815301076,1909f56bfc062723c751e8b465ee728b)  -> (artifact id: '9ac116ad27a7d64361772cc8b18db3f8') in 2.457953 seconds
  Import took 2.470175 seconds .

========================================================================
Received Import Request.
  Time since last request: 0.000424 seconds.
  path: Assets/Standard Assets/Vehicles/Aircraft/Materials/AircraftWingsPropellersWhite.mat
  artifactKey: Guid(ef1216aa37a0cc249a6a6f5abbd25665) Importer(815301076,1909f56bfc062723c751e8b465ee728b)
Start importing Assets/Standard Assets/Vehicles/Aircraft/Materials/AircraftWingsPropellersWhite.mat using Guid(ef1216aa37a0cc249a6a6f5abbd25665) Importer(815301076,1909f56bfc062723c751e8b465ee728b)  -> (artifact id: 'f804fb006f8724fa1471374d4f46b515') in 0.124604 seconds
  Import took 0.135948 seconds .

========================================================================
Received Import Request.
  Time since last request: 0.000452 seconds.
  path: Assets/FPS/Prefabs/Level/Catwalk/Cat_Corner_Window.prefab
  artifactKey: Guid(67dfe562c6d5b5f489cf79d46f97f6d1) Importer(815301076,1909f56bfc062723c751e8b465ee728b)
Start importing Assets/FPS/Prefabs/Level/Catwalk/Cat_Corner_Window.prefab using Guid(67dfe562c6d5b5f489cf79d46f97f6d1) Importer(815301076,1909f56bfc062723c751e8b465ee728b)  -> (artifact id: 'fe6204e5a9cb1bb70cd149d61cc35ad4') in 0.087847 seconds
  Import took 0.096666 seconds .

========================================================================
Received Import Request.
  Time since last request: 0.000383 seconds.
  path: Assets/Standard Assets/Vehicles/Aircraft/Textures/AircraftWingsPropellerOcclusion.png
  artifactKey: Guid(0ad6f20f99271564d93962d2b51bf9b0) Importer(815301076,1909f56bfc062723c751e8b465ee728b)
Start importing Assets/Standard Assets/Vehicles/Aircraft/Textures/AircraftWingsPropellerOcclusion.png using Guid(0ad6f20f99271564d93962d2b51bf9b0) Importer(815301076,1909f56bfc062723c751e8b465ee728b)  -> (artifact id: '44e16fb294a48332f6ce5c5bcc52f6b7') in 0.182655 seconds
  Import took 0.191823 seconds .

========================================================================
Received Import Request.
  Time since last request: 0.000453 seconds.
  path: Assets/Standard Assets/Vehicles/Aircraft/Materials/AircraftWingsPropellerBlurWhite.mat
  artifactKey: Guid(f5a209142cf260f4a96ca747e0e4dadf) Importer(815301076,1909f56bfc062723c751e8b465ee728b)
Start importing Assets/Standard Assets/Vehicles/Aircraft/Materials/AircraftWingsPropellerBlurWhite.mat using Guid(f5a209142cf260f4a96ca747e0e4dadf) Importer(815301076,1909f56bfc062723c751e8b465ee728b)  -> (artifact id: '74e1fbd9507839cb6ce957d48ed41875') in 0.100426 seconds
  Import took 0.109985 seconds .

========================================================================
Received Import Request.
  Time since last request: 0.000450 seconds.
  path: Assets/Standard Assets/Vehicles/Aircraft/Materials/AircraftWingsPropellersGrey.mat
  artifactKey: Guid(9cc96cc80c50454429965171ff4e500d) Importer(815301076,1909f56bfc062723c751e8b465ee728b)
Start importing Assets/Standard Assets/Vehicles/Aircraft/Materials/AircraftWingsPropellersGrey.mat using Guid(9cc96cc80c50454429965171ff4e500d) Importer(815301076,1909f56bfc062723c751e8b465ee728b)  -> (artifact id: '7839e15dffc917b627451ad443b10459') in 0.114303 seconds
  Import took 0.126951 seconds .

========================================================================
Received Import Request.
  Time since last request: 0.000488 seconds.
  path: Assets/Standard Assets/Vehicles/Aircraft/Materials/AircraftWingsJetGrey.mat
  artifactKey: Guid(42672579dbdf2c8449598d21e2c569ec) Importer(815301076,1909f56bfc062723c751e8b465ee728b)
Start importing Assets/Standard Assets/Vehicles/Aircraft/Materials/AircraftWingsJetGrey.mat using Guid(42672579dbdf2c8449598d21e2c569ec) Importer(815301076,1909f56bfc062723c751e8b465ee728b)  -> (artifact id: '5002d54d520539509d69734e4998e7b9') in 0.094471 seconds
  Import took 0.108704 seconds .

========================================================================
Received Import Request.
  Time since last request: 0.000492 seconds.
  path: Assets/FPS/Scenes/WinScene.unity
  artifactKey: Guid(037d06fbede2b4041a843d9ee6fe750c) Importer(815301076,1909f56bfc062723c751e8b465ee728b)
Start importing Assets/FPS/Scenes/WinScene.unity using Guid(037d06fbede2b4041a843d9ee6fe750c) Importer(815301076,1909f56bfc062723c751e8b465ee728b)  -> (artifact id: '65ae463227ca46cf5b43ed29373bd4ed') in 0.022839 seconds
  Import took 0.032682 seconds .

========================================================================
Received Import Request.
  Time since last request: 0.000424 seconds.
  path: Assets/Standard Assets/Vehicles/Aircraft/Textures/AircraftWingsJetOcclusion.png
  artifactKey: Guid(a2203213fc4dd244e90e1e9d1862c097) Importer(815301076,1909f56bfc062723c751e8b465ee728b)
Start importing Assets/Standard Assets/Vehicles/Aircraft/Textures/AircraftWingsJetOcclusion.png using Guid(a2203213fc4dd244e90e1e9d1862c097) Importer(815301076,1909f56bfc062723c751e8b465ee728b)  -> (artifact id: 'ac2ee20c118b7e12e7b88c30990fdccb') in 0.070411 seconds
  Import took 0.080287 seconds .

========================================================================
Received Import Request.
  Time since last request: 0.000427 seconds.
  path: Assets/Standard Assets/Vehicles/Aircraft/Textures/AircraftWingsPropellerNormals.png
  artifactKey: Guid(5b834380674bf7e48ade2f253138543f) Importer(815301076,1909f56bfc062723c751e8b465ee728b)
Start importing Assets/Standard Assets/Vehicles/Aircraft/Textures/AircraftWingsPropellerNormals.png using Guid(5b834380674bf7e48ade2f253138543f) Importer(815301076,1909f56bfc062723c751e8b465ee728b)  -> (artifact id: 'e930d36d772715451e36cd71d20bec1d') in 0.067589 seconds
  Import took 0.082076 seconds .

========================================================================
Received Import Request.
  Time since last request: 0.000440 seconds.
  path: Assets/Standard Assets/Vehicles/Aircraft/Textures/AircraftWingsJetNormals.png
  artifactKey: Guid(f7c27487b4792e640b8816a7e0e2f5dd) Importer(815301076,1909f56bfc062723c751e8b465ee728b)
Start importing Assets/Standard Assets/Vehicles/Aircraft/Textures/AircraftWingsJetNormals.png using Guid(f7c27487b4792e640b8816a7e0e2f5dd) Importer(815301076,1909f56bfc062723c751e8b465ee728b)  -> (artifact id: '472f2cbcd6ec8f75fe3815c314ef7457') in 0.069186 seconds
  Import took 0.081821 seconds .

========================================================================
Received Import Request.
  Time since last request: 0.000494 seconds.
  path: Assets/Standard Assets/Vehicles/Aircraft/Materials/AircraftWingsPropellerBlurGrey.mat
  artifactKey: Guid(d5b08f0e43171dd468f4fed8bb5d0cea) Importer(815301076,1909f56bfc062723c751e8b465ee728b)
Start importing Assets/Standard Assets/Vehicles/Aircraft/Materials/AircraftWingsPropellerBlurGrey.mat using Guid(d5b08f0e43171dd468f4fed8bb5d0cea) Importer(815301076,1909f56bfc062723c751e8b465ee728b)  -> (artifact id: '201aa2cc6f442f66120a81c948838e32') in 0.045033 seconds
  Import took 0.055427 seconds .

========================================================================
Received Prepare
Registering precompiled user dll's ...
Registered in 0.004628 seconds.
Begin MonoManager ReloadAssembly
Native extension for WindowsStandalone target not found
Refreshing native plugins compatible for Editor in 1.35 ms, found 0 plugins.
Preloading 0 native plugins for Editor in 0.00 ms.
Warning: Annotation not found!
UnityEngine.StackTraceUtility:ExtractStackTrace ()
UnityEditor.ProBuilder.EditorUtility:SetGizmoIconEnabled (System.Type,bool) (at D:/High School Classes/APCSA/Unity/NewNK-main/Library/PackageCache/com.unity.probuilder@4.5.0/Editor/EditorCore/EditorUtility.cs:593)
UnityEditor.ProBuilder.HierarchyListener:.cctor () (at D:/High School Classes/APCSA/Unity/NewNK-main/Library/PackageCache/com.unity.probuilder@4.5.0/Editor/EditorCore/HierarchyListener.cs:21)
System.Runtime.CompilerServices.RuntimeHelpers:RunClassConstructor (System.RuntimeTypeHandle)
UnityEditor.EditorAssemblies:ProcessInitializeOnLoadAttributes (System.Type[])

[D:/High School Classes/APCSA/Unity/NewNK-main/Library/PackageCache/com.unity.probuilder@4.5.0/Editor/EditorCore/EditorUtility.cs line 593]

Mono: successfully reloaded assembly
- Completed reload, in  3.032 seconds
Platform modules already initialized, skipping
Refreshing native plugins compatible for Editor in 1.86 ms, found 0 plugins.
Preloading 0 native plugins for Editor in 0.00 ms.
Unloading 1874 Unused Serialized files (Serialized files now loaded: 0)
System memory in use before: 193.5 MB.
System memory in use after: 193.2 MB.

Unloading 8 unused Assets to reduce memory usage. Loaded Objects now: 2537.
Total: 13.609300 ms (FindLiveObjects: 1.257500 ms CreateObjectMapping: 0.577700 ms MarkObjects: 10.352300 ms  DeleteObjects: 1.415600 ms)

========================================================================
Received Import Request.
  Time since last request: 820.473732 seconds.
  path: Assets/FPS/Audio/MainAudioMixer.mixer
  artifactKey: Guid(fcc71635aab95ff4fbdf1880bf2afa2f) Importer(815301076,1909f56bfc062723c751e8b465ee728b)
Start importing Assets/FPS/Audio/MainAudioMixer.mixer using Guid(fcc71635aab95ff4fbdf1880bf2afa2f) Importer(815301076,1909f56bfc062723c751e8b465ee728b)  -> (artifact id: 'db54c136b8ea890001d4e7ad121b5867') in 0.037699 seconds
  Import took 0.048133 seconds .

========================================================================
Received Import Request.
  Time since last request: 0.004819 seconds.
  path: Assets/FPS/Audio/MainAudioMixer.mixer
  artifactKey: Guid(fcc71635aab95ff4fbdf1880bf2afa2f) Importer(815301076,1909f56bfc062723c751e8b465ee728b)
Start importing Assets/FPS/Audio/MainAudioMixer.mixer using Guid(fcc71635aab95ff4fbdf1880bf2afa2f) Importer(815301076,1909f56bfc062723c751e8b465ee728b)  -> (artifact id: 'db54c136b8ea890001d4e7ad121b5867') in 0.016906 seconds
  Import took 0.026798 seconds .

========================================================================
Received Import Request.
  Time since last request: 1.939147 seconds.
  path: Assets/FPS/Scripts/Gameplay/PlayerCharacterController.cs
  artifactKey: Guid(f8e9b849ae2755b428b23edfa9686c79) Importer(815301076,1909f56bfc062723c751e8b465ee728b)
Start importing Assets/FPS/Scripts/Gameplay/PlayerCharacterController.cs using Guid(f8e9b849ae2755b428b23edfa9686c79) Importer(815301076,1909f56bfc062723c751e8b465ee728b)  -> (artifact id: '00a013eab6a2fb9346c8cc9605d701d8') in 0.015910 seconds
  Import took 0.022884 seconds .

========================================================================
Received Import Request.
  Time since last request: 0.002233 seconds.
  path: Assets/FPS/Scripts/Gameplay/PlayerCharacterController.cs
  artifactKey: Guid(f8e9b849ae2755b428b23edfa9686c79) Importer(815301076,1909f56bfc062723c751e8b465ee728b)
Start importing Assets/FPS/Scripts/Gameplay/PlayerCharacterController.cs using Guid(f8e9b849ae2755b428b23edfa9686c79) Importer(815301076,1909f56bfc062723c751e8b465ee728b)  -> (artifact id: '00a013eab6a2fb9346c8cc9605d701d8') in 0.006709 seconds
  Import took 0.014887 seconds .

========================================================================
Received Import Request.
  Time since last request: 2.891159 seconds.
  path: Assets/FPS/Scripts/UI/PlayerHealthBar.cs
  artifactKey: Guid(ef607aeb00cc1214ab7aa1f86a984abf) Importer(815301076,1909f56bfc062723c751e8b465ee728b)
Start importing Assets/FPS/Scripts/UI/PlayerHealthBar.cs using Guid(ef607aeb00cc1214ab7aa1f86a984abf) Importer(815301076,1909f56bfc062723c751e8b465ee728b)  -> (artifact id: 'cf133d6eba354ece2623eb45e19323f7') in 0.014077 seconds
  Import took 0.022152 seconds .

========================================================================
Received Import Request.
  Time since last request: 1.016248 seconds.
  path: Assets/FPS/Scripts/Gameplay/Managers/PlayerInputHandler.cs
  artifactKey: Guid(dac5ddb3ce9b8884ca9588dc620ffcab) Importer(815301076,1909f56bfc062723c751e8b465ee728b)
Start importing Assets/FPS/Scripts/Gameplay/Managers/PlayerInputHandler.cs using Guid(dac5ddb3ce9b8884ca9588dc620ffcab) Importer(815301076,1909f56bfc062723c751e8b465ee728b)  -> (artifact id: '7976f64e4efd84342350d6d8ea7959bb') in 0.013690 seconds
  Import took 0.028236 seconds .

========================================================================
Received Import Request.
  Time since last request: 2.286483 seconds.
  path: Assets/FPS/Scripts/Gameplay/Managers/PlayerWeaponsManager.cs
  artifactKey: Guid(c6b4f98e62f1d104f8658bba08e5d56f) Importer(815301076,1909f56bfc062723c751e8b465ee728b)
Start importing Assets/FPS/Scripts/Gameplay/Managers/PlayerWeaponsManager.cs using Guid(c6b4f98e62f1d104f8658bba08e5d56f) Importer(815301076,1909f56bfc062723c751e8b465ee728b)  -> (artifact id: '184b06f11398557e4f5a687f6b90cf0b') in 0.011106 seconds
  Import took 0.016955 seconds .

========================================================================
Received Import Request.
  Time since last request: 0.003760 seconds.
  path: Assets/FPS/Scripts/Gameplay/Managers/PlayerWeaponsManager.cs
  artifactKey: Guid(c6b4f98e62f1d104f8658bba08e5d56f) Importer(815301076,1909f56bfc062723c751e8b465ee728b)
Start importing Assets/FPS/Scripts/Gameplay/Managers/PlayerWeaponsManager.cs using Guid(c6b4f98e62f1d104f8658bba08e5d56f) Importer(815301076,1909f56bfc062723c751e8b465ee728b)  -> (artifact id: '184b06f11398557e4f5a687f6b90cf0b') in 0.006177 seconds
  Import took 0.012548 seconds .

========================================================================
Received Import Request.
  Time since last request: 0.873078 seconds.
  path: Assets/FPS/Scripts/Gameplay/TeleportPlayer.cs
  artifactKey: Guid(3a304a5233f1c3646ad5342015726b1d) Importer(815301076,1909f56bfc062723c751e8b465ee728b)
Start importing Assets/FPS/Scripts/Gameplay/TeleportPlayer.cs using Guid(3a304a5233f1c3646ad5342015726b1d) Importer(815301076,1909f56bfc062723c751e8b465ee728b)  -> (artifact id: '48f9d53f53353b9bb2ec55f613f026e7') in 0.016396 seconds
  Import took 0.025173 seconds .

========================================================================
Received Prepare
Registering precompiled user dll's ...
Registered in 0.001858 seconds.
Begin MonoManager ReloadAssembly
Native extension for WindowsStandalone target not found
Refreshing native plugins compatible for Editor in 0.62 ms, found 0 plugins.
Preloading 0 native plugins for Editor in 0.00 ms.
Warning: Annotation not found!
UnityEngine.StackTraceUtility:ExtractStackTrace ()
UnityEditor.ProBuilder.EditorUtility:SetGizmoIconEnabled (System.Type,bool) (at D:/High School Classes/APCSA/Unity/NewNK-main/Library/PackageCache/com.unity.probuilder@4.5.0/Editor/EditorCore/EditorUtility.cs:593)
UnityEditor.ProBuilder.HierarchyListener:.cctor () (at D:/High School Classes/APCSA/Unity/NewNK-main/Library/PackageCache/com.unity.probuilder@4.5.0/Editor/EditorCore/HierarchyListener.cs:21)
System.Runtime.CompilerServices.RuntimeHelpers:RunClassConstructor (System.RuntimeTypeHandle)
UnityEditor.EditorAssemblies:ProcessInitializeOnLoadAttributes (System.Type[])

[D:/High School Classes/APCSA/Unity/NewNK-main/Library/PackageCache/com.unity.probuilder@4.5.0/Editor/EditorCore/EditorUtility.cs line 593]

Mono: successfully reloaded assembly
- Completed reload, in  1.321 seconds
Platform modules already initialized, skipping
Refreshing native plugins compatible for Editor in 0.56 ms, found 0 plugins.
Preloading 0 native plugins for Editor in 0.00 ms.
Unloading 1874 Unused Serialized files (Serialized files now loaded: 0)
System memory in use before: 193.5 MB.
System memory in use after: 193.2 MB.

Unloading 8 unused Assets to reduce memory usage. Loaded Objects now: 2540.
Total: 2.896700 ms (FindLiveObjects: 0.184600 ms CreateObjectMapping: 0.069500 ms MarkObjects: 2.194800 ms  DeleteObjects: 0.446100 ms)

========================================================================
Received Prepare
Registering precompiled user dll's ...
Registered in 0.002832 seconds.
Begin MonoManager ReloadAssembly
Native extension for WindowsStandalone target not found
Refreshing native plugins compatible for Editor in 1.13 ms, found 0 plugins.
Preloading 0 native plugins for Editor in 0.00 ms.
Warning: Annotation not found!
UnityEngine.StackTraceUtility:ExtractStackTrace ()
UnityEditor.ProBuilder.EditorUtility:SetGizmoIconEnabled (System.Type,bool) (at D:/High School Classes/APCSA/Unity/NewNK-main/Library/PackageCache/com.unity.probuilder@4.5.0/Editor/EditorCore/EditorUtility.cs:593)
UnityEditor.ProBuilder.HierarchyListener:.cctor () (at D:/High School Classes/APCSA/Unity/NewNK-main/Library/PackageCache/com.unity.probuilder@4.5.0/Editor/EditorCore/HierarchyListener.cs:21)
System.Runtime.CompilerServices.RuntimeHelpers:RunClassConstructor (System.RuntimeTypeHandle)
UnityEditor.EditorAssemblies:ProcessInitializeOnLoadAttributes (System.Type[])

[D:/High School Classes/APCSA/Unity/NewNK-main/Library/PackageCache/com.unity.probuilder@4.5.0/Editor/EditorCore/EditorUtility.cs line 593]

Mono: successfully reloaded assembly
- Completed reload, in  5.208 seconds
Platform modules already initialized, skipping
Refreshing native plugins compatible for Editor in 0.62 ms, found 0 plugins.
Preloading 0 native plugins for Editor in 0.00 ms.
Unloading 1874 Unused Serialized files (Serialized files now loaded: 0)
System memory in use before: 193.5 MB.
System memory in use after: 193.2 MB.

Unloading 8 unused Assets to reduce memory usage. Loaded Objects now: 2543.
Total: 4.476200 ms (FindLiveObjects: 0.318900 ms CreateObjectMapping: 0.119000 ms MarkObjects: 3.365600 ms  DeleteObjects: 0.670100 ms)

========================================================================
Received Prepare
Registering precompiled user dll's ...
Registered in 0.009504 seconds.
Begin MonoManager ReloadAssembly
Native extension for WindowsStandalone target not found
Refreshing native plugins compatible for Editor in 1.07 ms, found 0 plugins.
Preloading 0 native plugins for Editor in 0.00 ms.
Warning: Annotation not found!
UnityEngine.StackTraceUtility:ExtractStackTrace ()
UnityEditor.ProBuilder.EditorUtility:SetGizmoIconEnabled (System.Type,bool) (at D:/High School Classes/APCSA/Unity/NewNK-main/Library/PackageCache/com.unity.probuilder@4.5.0/Editor/EditorCore/EditorUtility.cs:593)
UnityEditor.ProBuilder.HierarchyListener:.cctor () (at D:/High School Classes/APCSA/Unity/NewNK-main/Library/PackageCache/com.unity.probuilder@4.5.0/Editor/EditorCore/HierarchyListener.cs:21)
System.Runtime.CompilerServices.RuntimeHelpers:RunClassConstructor (System.RuntimeTypeHandle)
UnityEditor.EditorAssemblies:ProcessInitializeOnLoadAttributes (System.Type[])

[D:/High School Classes/APCSA/Unity/NewNK-main/Library/PackageCache/com.unity.probuilder@4.5.0/Editor/EditorCore/EditorUtility.cs line 593]

Mono: successfully reloaded assembly
- Completed reload, in  7.808 seconds
Platform modules already initialized, skipping
Refreshing native plugins compatible for Editor in 0.90 ms, found 0 plugins.
Preloading 0 native plugins for Editor in 0.00 ms.
Unloading 1874 Unused Serialized files (Serialized files now loaded: 0)
System memory in use before: 193.5 MB.
System memory in use after: 193.2 MB.

Unloading 8 unused Assets to reduce memory usage. Loaded Objects now: 2546.
Total: 5.014900 ms (FindLiveObjects: 0.468200 ms CreateObjectMapping: 0.151200 ms MarkObjects: 3.661400 ms  DeleteObjects: 0.731900 ms)

========================================================================
Received Prepare
Registering precompiled user dll's ...
Registered in 0.003393 seconds.
Begin MonoManager ReloadAssembly
Native extension for WindowsStandalone target not found
Refreshing native plugins compatible for Editor in 0.85 ms, found 0 plugins.
Preloading 0 native plugins for Editor in 0.00 ms.
Warning: Annotation not found!
UnityEngine.StackTraceUtility:ExtractStackTrace ()
UnityEditor.ProBuilder.EditorUtility:SetGizmoIconEnabled (System.Type,bool) (at D:/High School Classes/APCSA/Unity/NewNK-main/Library/PackageCache/com.unity.probuilder@4.5.0/Editor/EditorCore/EditorUtility.cs:593)
UnityEditor.ProBuilder.HierarchyListener:.cctor () (at D:/High School Classes/APCSA/Unity/NewNK-main/Library/PackageCache/com.unity.probuilder@4.5.0/Editor/EditorCore/HierarchyListener.cs:21)
System.Runtime.CompilerServices.RuntimeHelpers:RunClassConstructor (System.RuntimeTypeHandle)
UnityEditor.EditorAssemblies:ProcessInitializeOnLoadAttributes (System.Type[])

[D:/High School Classes/APCSA/Unity/NewNK-main/Library/PackageCache/com.unity.probuilder@4.5.0/Editor/EditorCore/EditorUtility.cs line 593]

Mono: successfully reloaded assembly
- Completed reload, in  5.854 seconds
Platform modules already initialized, skipping
Refreshing native plugins compatible for Editor in 0.85 ms, found 0 plugins.
Preloading 0 native plugins for Editor in 0.00 ms.
Unloading 1874 Unused Serialized files (Serialized files now loaded: 0)
System memory in use before: 193.5 MB.
System memory in use after: 193.2 MB.

Unloading 8 unused Assets to reduce memory usage. Loaded Objects now: 2549.
Total: 4.635000 ms (FindLiveObjects: 0.317700 ms CreateObjectMapping: 0.129700 ms MarkObjects: 3.494700 ms  DeleteObjects: 0.691000 ms)

========================================================================
Received Prepare
Registering precompiled user dll's ...
Registered in 0.003988 seconds.
Begin MonoManager ReloadAssembly
Native extension for WindowsStandalone target not found
Refreshing native plugins compatible for Editor in 0.96 ms, found 0 plugins.
Preloading 0 native plugins for Editor in 0.00 ms.
Warning: Annotation not found!
UnityEngine.StackTraceUtility:ExtractStackTrace ()
UnityEditor.ProBuilder.EditorUtility:SetGizmoIconEnabled (System.Type,bool) (at D:/High School Classes/APCSA/Unity/NewNK-main/Library/PackageCache/com.unity.probuilder@4.5.0/Editor/EditorCore/EditorUtility.cs:593)
UnityEditor.ProBuilder.HierarchyListener:.cctor () (at D:/High School Classes/APCSA/Unity/NewNK-main/Library/PackageCache/com.unity.probuilder@4.5.0/Editor/EditorCore/HierarchyListener.cs:21)
System.Runtime.CompilerServices.RuntimeHelpers:RunClassConstructor (System.RuntimeTypeHandle)
UnityEditor.EditorAssemblies:ProcessInitializeOnLoadAttributes (System.Type[])

[D:/High School Classes/APCSA/Unity/NewNK-main/Library/PackageCache/com.unity.probuilder@4.5.0/Editor/EditorCore/EditorUtility.cs line 593]

Mono: successfully reloaded assembly
- Completed reload, in  4.564 seconds
Platform modules already initialized, skipping
Refreshing native plugins compatible for Editor in 7.44 ms, found 0 plugins.
Preloading 0 native plugins for Editor in 0.00 ms.
Unloading 1874 Unused Serialized files (Serialized files now loaded: 0)
System memory in use before: 193.5 MB.
System memory in use after: 193.2 MB.

Unloading 8 unused Assets to reduce memory usage. Loaded Objects now: 2552.
Total: 27.581500 ms (FindLiveObjects: 0.477300 ms CreateObjectMapping: 0.216500 ms MarkObjects: 16.521200 ms  DeleteObjects: 10.359200 ms)

========================================================================
Received Import Request.
  Time since last request: 2063.907040 seconds.
  path: Assets/FPS/Scripts/Gameplay/fps.Gameplay.asmdef
  artifactKey: Guid(27b7e9efd224f064990a97ed99e4456f) Importer(815301076,1909f56bfc062723c751e8b465ee728b)
Start importing Assets/FPS/Scripts/Gameplay/fps.Gameplay.asmdef using Guid(27b7e9efd224f064990a97ed99e4456f) Importer(815301076,1909f56bfc062723c751e8b465ee728b)  -> (artifact id: 'dbfd6fad5c6b4b2b1484d8524aea0c17') in 0.069025 seconds
  Import took 0.099729 seconds .

========================================================================
Received Import Request.
  Time since last request: 164.950725 seconds.
  path: Assets/FPS/Scripts/Gameplay/ChargedProjectileEffectsHandler.cs
  artifactKey: Guid(da2b0de22b1558e4caa11aa3696e87fc) Importer(815301076,1909f56bfc062723c751e8b465ee728b)
Start importing Assets/FPS/Scripts/Gameplay/ChargedProjectileEffectsHandler.cs using Guid(da2b0de22b1558e4caa11aa3696e87fc) Importer(815301076,1909f56bfc062723c751e8b465ee728b)  -> (artifact id: '9fee7060c78e1cf349baa80523413264') in 0.008090 seconds
  Import took 0.013372 seconds .

========================================================================
Received Import Request.
  Time since last request: 0.033176 seconds.
  path: Assets/FPS/Scripts/Gameplay/ChargedProjectileEffectsHandler.cs
  artifactKey: Guid(da2b0de22b1558e4caa11aa3696e87fc) Importer(815301076,1909f56bfc062723c751e8b465ee728b)
Start importing Assets/FPS/Scripts/Gameplay/ChargedProjectileEffectsHandler.cs using Guid(da2b0de22b1558e4caa11aa3696e87fc) Importer(815301076,1909f56bfc062723c751e8b465ee728b)  -> (artifact id: '9fee7060c78e1cf349baa80523413264') in 0.005003 seconds
  Import took 0.010337 seconds .

========================================================================
Received Import Request.
  Time since last request: 1.252811 seconds.
  path: Assets/FPS/Scripts/Gameplay/ChargedWeaponEffectsHandler.cs
  artifactKey: Guid(b92ab16a4151e294a9e6f5a025221be2) Importer(815301076,1909f56bfc062723c751e8b465ee728b)
Start importing Assets/FPS/Scripts/Gameplay/ChargedWeaponEffectsHandler.cs using Guid(b92ab16a4151e294a9e6f5a025221be2) Importer(815301076,1909f56bfc062723c751e8b465ee728b)  -> (artifact id: '3031ccacb03017a6a36218cd0d213c03') in 0.007935 seconds
  Import took 0.013984 seconds .

========================================================================
Received Import Request.
  Time since last request: 0.698376 seconds.
  path: Assets/FPS/Scripts/Gameplay/HealthPickup.cs
  artifactKey: Guid(828abdfaec1bdff4dbda622331d65ba5) Importer(815301076,1909f56bfc062723c751e8b465ee728b)
Start importing Assets/FPS/Scripts/Gameplay/HealthPickup.cs using Guid(828abdfaec1bdff4dbda622331d65ba5) Importer(815301076,1909f56bfc062723c751e8b465ee728b)  -> (artifact id: 'ff0e75ac5b15df4552808ed251d8ffe9') in 0.010598 seconds
  Import took 0.017608 seconds .

========================================================================
Received Import Request.
  Time since last request: 2.223892 seconds.
  path: Assets/FPS/Scripts/Gameplay/Pickup.cs
  artifactKey: Guid(c72a2c2e0f8c9194f9ab3b97752e8fec) Importer(815301076,1909f56bfc062723c751e8b465ee728b)
Start importing Assets/FPS/Scripts/Gameplay/Pickup.cs using Guid(c72a2c2e0f8c9194f9ab3b97752e8fec) Importer(815301076,1909f56bfc062723c751e8b465ee728b)  -> (artifact id: '10c66316c27d779eb6405daf84c99fbd') in 0.008751 seconds
  Import took 0.013824 seconds .

========================================================================
Received Import Request.
  Time since last request: 3.000613 seconds.
  path: Assets/FPS/Scripts/Gameplay/WeaponPickup.cs
  artifactKey: Guid(4bffb1311779ed346a19fef7c9fa65ea) Importer(815301076,1909f56bfc062723c751e8b465ee728b)
Start importing Assets/FPS/Scripts/Gameplay/WeaponPickup.cs using Guid(4bffb1311779ed346a19fef7c9fa65ea) Importer(815301076,1909f56bfc062723c751e8b465ee728b)  -> (artifact id: 'd39418e6676afc09f4ffed7fd26342b9') in 0.009848 seconds
  Import took 0.015728 seconds .

========================================================================
Received Import Request.
  Time since last request: 0.710703 seconds.
  path: Assets/FPS/Scripts/Gameplay/WeaponFuelCellHandler.cs
  artifactKey: Guid(cc94179cece5b4e41ae9298ddbf83fdf) Importer(815301076,1909f56bfc062723c751e8b465ee728b)
Start importing Assets/FPS/Scripts/Gameplay/WeaponFuelCellHandler.cs using Guid(cc94179cece5b4e41ae9298ddbf83fdf) Importer(815301076,1909f56bfc062723c751e8b465ee728b)  -> (artifact id: 'b60f2cad740807455158246d9a521431') in 0.009414 seconds
  Import took 0.015689 seconds .

========================================================================
Received Import Request.
  Time since last request: 1.121951 seconds.
  path: Assets/FPS/Scripts/Gameplay/ProjectileStandard.cs
  artifactKey: Guid(de99b30e1e73fd14e98cc5371da25d12) Importer(815301076,1909f56bfc062723c751e8b465ee728b)
Start importing Assets/FPS/Scripts/Gameplay/ProjectileStandard.cs using Guid(de99b30e1e73fd14e98cc5371da25d12) Importer(815301076,1909f56bfc062723c751e8b465ee728b)  -> (artifact id: '874cda63015029732cc2b4d61026cdd0') in 0.009737 seconds
  Import took 0.014048 seconds .

========================================================================
Received Import Request.
  Time since last request: 0.865487 seconds.
  path: Assets/FPS/Scripts/Gameplay/ProjectileChargeParameters.cs
  artifactKey: Guid(3614fdf64d310f44ba678e99290fa20a) Importer(815301076,1909f56bfc062723c751e8b465ee728b)
Start importing Assets/FPS/Scripts/Gameplay/ProjectileChargeParameters.cs using Guid(3614fdf64d310f44ba678e99290fa20a) Importer(815301076,1909f56bfc062723c751e8b465ee728b)  -> (artifact id: '865b0a3bffb82b84cd39c8df9799d656') in 0.009453 seconds
  Import took 0.014474 seconds .

========================================================================
Received Import Request.
  Time since last request: 1.070739 seconds.
  path: Assets/FPS/Scripts/Gameplay/PositionBobbing.cs
  artifactKey: Guid(326d796544c58f14a8048643e4c8badd) Importer(815301076,1909f56bfc062723c751e8b465ee728b)
Start importing Assets/FPS/Scripts/Gameplay/PositionBobbing.cs using Guid(326d796544c58f14a8048643e4c8badd) Importer(815301076,1909f56bfc062723c751e8b465ee728b)  -> (artifact id: 'b4b31b4a2a7da253fa3c0b2f436de490') in 0.010570 seconds
  Import took 0.017090 seconds .

========================================================================
Received Prepare
Registering precompiled user dll's ...
Registered in 0.002542 seconds.
Begin MonoManager ReloadAssembly
Native extension for WindowsStandalone target not found
Refreshing native plugins compatible for Editor in 1.77 ms, found 0 plugins.
Preloading 0 native plugins for Editor in 0.00 ms.
Warning: Annotation not found!
UnityEngine.StackTraceUtility:ExtractStackTrace ()
UnityEditor.ProBuilder.EditorUtility:SetGizmoIconEnabled (System.Type,bool) (at D:/High School Classes/APCSA/Unity/NewNK-main/Library/PackageCache/com.unity.probuilder@4.5.0/Editor/EditorCore/EditorUtility.cs:593)
UnityEditor.ProBuilder.HierarchyListener:.cctor () (at D:/High School Classes/APCSA/Unity/NewNK-main/Library/PackageCache/com.unity.probuilder@4.5.0/Editor/EditorCore/HierarchyListener.cs:21)
System.Runtime.CompilerServices.RuntimeHelpers:RunClassConstructor (System.RuntimeTypeHandle)
UnityEditor.EditorAssemblies:ProcessInitializeOnLoadAttributes (System.Type[])

[D:/High School Classes/APCSA/Unity/NewNK-main/Library/PackageCache/com.unity.probuilder@4.5.0/Editor/EditorCore/EditorUtility.cs line 593]

Mono: successfully reloaded assembly
- Completed reload, in  1.302 seconds
Platform modules already initialized, skipping
Refreshing native plugins compatible for Editor in 0.61 ms, found 0 plugins.
Preloading 0 native plugins for Editor in 0.00 ms.
Unloading 1874 Unused Serialized files (Serialized files now loaded: 0)
System memory in use before: 193.5 MB.
System memory in use after: 193.2 MB.

Unloading 8 unused Assets to reduce memory usage. Loaded Objects now: 2555.
Total: 2.898400 ms (FindLiveObjects: 0.202000 ms CreateObjectMapping: 0.070000 ms MarkObjects: 2.137200 ms  DeleteObjects: 0.487600 ms)

========================================================================
Received Prepare
Registering precompiled user dll's ...
Registered in 0.001736 seconds.
Begin MonoManager ReloadAssembly
Native extension for WindowsStandalone target not found
Refreshing native plugins compatible for Editor in 0.56 ms, found 0 plugins.
Preloading 0 native plugins for Editor in 0.00 ms.
Warning: Annotation not found!
UnityEngine.StackTraceUtility:ExtractStackTrace ()
UnityEditor.ProBuilder.EditorUtility:SetGizmoIconEnabled (System.Type,bool) (at D:/High School Classes/APCSA/Unity/NewNK-main/Library/PackageCache/com.unity.probuilder@4.5.0/Editor/EditorCore/EditorUtility.cs:593)
UnityEditor.ProBuilder.HierarchyListener:.cctor () (at D:/High School Classes/APCSA/Unity/NewNK-main/Library/PackageCache/com.unity.probuilder@4.5.0/Editor/EditorCore/HierarchyListener.cs:21)
System.Runtime.CompilerServices.RuntimeHelpers:RunClassConstructor (System.RuntimeTypeHandle)
UnityEditor.EditorAssemblies:ProcessInitializeOnLoadAttributes (System.Type[])

[D:/High School Classes/APCSA/Unity/NewNK-main/Library/PackageCache/com.unity.probuilder@4.5.0/Editor/EditorCore/EditorUtility.cs line 593]

Mono: successfully reloaded assembly
- Completed reload, in  1.174 seconds
Platform modules already initialized, skipping
Refreshing native plugins compatible for Editor in 0.54 ms, found 0 plugins.
Preloading 0 native plugins for Editor in 0.00 ms.
Unloading 1874 Unused Serialized files (Serialized files now loaded: 0)
System memory in use before: 193.5 MB.
System memory in use after: 193.3 MB.

Unloading 8 unused Assets to reduce memory usage. Loaded Objects now: 2558.
Total: 3.889200 ms (FindLiveObjects: 0.355000 ms CreateObjectMapping: 0.139500 ms MarkObjects: 2.930600 ms  DeleteObjects: 0.461800 ms)

AssetImportWorkerClient::OnTransportError - code=2 error=End of file
